Flutter crash report.
Please report a bug at https://github.com/flutter/flutter/issues.

## command

flutter --no-color pub get

## exception

FileSystemException: FileSystemException: Deletion failed, path = 'F:\goapp\BBLease\windows\flutter\ephemeral\.plugin_symlinks' (OS Error: The directory is not empty.
, errno = 145)

```
#0      _Directory._deleteSync (dart:io/directory_impl.dart:188:7)
#1      FileSystemEntity.deleteSync (dart:io/file_system_entity.dart:407:7)
#2      ForwardingFileSystemEntity.deleteSync (package:file/src/forwarding/forwarding_file_system_entity.dart:70:16)
#3      ErrorHandlingDirectory.deleteSync.<anonymous closure> (package:flutter_tools/src/base/error_handling_io.dart:479:22)
#4      _runSync (package:flutter_tools/src/base/error_handling_io.dart:587:14)
#5      ErrorHandlingDirectory.deleteSync (package:flutter_tools/src/base/error_handling_io.dart:478:12)
#6      _createPlatformPluginSymlinks (package:flutter_tools/src/flutter_plugins.dart:967:22)
#7      createPluginSymlinks (package:flutter_tools/src/flutter_plugins.dart:903:5)
#8      refreshPluginsList (package:flutter_tools/src/flutter_plugins.dart:1013:5)
<asynchronous suspension>
#9      FlutterProject.ensureReadyForPlatformSpecificTooling (package:flutter_tools/src/project.dart:367:5)
<asynchronous suspension>
#10     PackagesGetCommand.runCommand (package:flutter_tools/src/commands/packages.dart:383:7)
<asynchronous suspension>
#11     FlutterCommand.run.<anonymous closure> (package:flutter_tools/src/runner/flutter_command.dart:1394:27)
<asynchronous suspension>
#12     AppContext.run.<anonymous closure> (package:flutter_tools/src/base/context.dart:153:19)
<asynchronous suspension>
#13     CommandRunner.runCommand (package:args/command_runner.dart:212:13)
<asynchronous suspension>
#14     FlutterCommandRunner.runCommand.<anonymous closure> (package:flutter_tools/src/runner/flutter_command_runner.dart:372:9)
<asynchronous suspension>
#15     AppContext.run.<anonymous closure> (package:flutter_tools/src/base/context.dart:153:19)
<asynchronous suspension>
#16     FlutterCommandRunner.runCommand (package:flutter_tools/src/runner/flutter_command_runner.dart:308:5)
<asynchronous suspension>
#17     run.<anonymous closure>.<anonymous closure> (package:flutter_tools/runner.dart:130:9)
<asynchronous suspension>
#18     AppContext.run.<anonymous closure> (package:flutter_tools/src/base/context.dart:153:19)
<asynchronous suspension>
#19     main (package:flutter_tools/executable.dart:93:3)
<asynchronous suspension>
```

## flutter doctor

```
[✓] Flutter (Channel stable, 3.22.1, on Microsoft Windows [Version 10.0.19045.3208], locale he-IL)
    • Flutter version 3.22.1 on channel stable at C:\src\flutter
    • Upstream repository https://github.com/flutter/flutter.git
    • Framework revision a14f74ff3a (9 weeks ago), 2024-05-22 11:08:21 -0500
    • Engine revision 55eae6864b
    • Dart version 3.4.1
    • DevTools version 2.34.3

[✓] Windows Version (Installed version of Windows is version 10 or higher)

[✓] Android toolchain - develop for Android devices (Android SDK version 33.0.1)
    • Android SDK at C:\Users\ASUS\AppData\Local\Android\sdk
    • Platform android-34, build-tools 33.0.1
    • Java binary at: C:\Program Files\Android\Android Studio\jre\bin\java
    • Java version OpenJDK Runtime Environment (build 11.0.13+0-b1751.21-8125866)
    • All Android licenses accepted.

[✓] Chrome - develop for the web
    • Chrome at C:\Program Files (x86)\Google\Chrome\Application\chrome.exe

[✓] Visual Studio - develop Windows apps (Visual Studio Professional 2019 16.11.22)
    • Visual Studio at C:\Program Files (x86)\Microsoft Visual Studio\2019\Professional
    • Visual Studio Professional 2019 version 16.11.33130.400
    • Windows 10 SDK version 10.0.18362.0

[✓] Android Studio (version 2021.3)
    • Android Studio at C:\Program Files\Android\Android Studio
    • Flutter plugin can be installed from:
      🔨 https://plugins.jetbrains.com/plugin/9212-flutter
    • Dart plugin can be installed from:
      🔨 https://plugins.jetbrains.com/plugin/6351-dart
    • Java version OpenJDK Runtime Environment (build 11.0.13+0-b1751.21-8125866)

[✓] VS Code (version 1.89.1)
    • VS Code at C:\Users\ASUS\AppData\Local\Programs\Microsoft VS Code
    • Flutter extension version 3.90.0

[✓] Connected device (3 available)
    • Windows (desktop) • windows • windows-x64    • Microsoft Windows [Version 10.0.19045.3208]
    • Chrome (web)      • chrome  • web-javascript • Google Chrome 126.0.6478.128
    • Edge (web)        • edge    • web-javascript • Microsoft Edge 120.0.2210.133

[✓] Network resources
    • All expected network resources are available.

• No issues found!
```
